[2020-07-29 09:49:11][x7xFiDyMDOfZuQ5jlohLBzPFUheKL2SZ] Processing: App\Events\AdminNotificationEvent
[2020-07-29 09:49:11][x7xFiDyMDOfZuQ5jlohLBzPFUheKL2SZ] Processed:  App\Events\AdminNotificationEvent
[2020-07-29 12:19:23][4ErdXvNkWkhfnFEEVzJlQIYw8PL8urd0] Processing: App\Events\AdminNotificationEvent
[2020-07-29 12:19:23][4ErdXvNkWkhfnFEEVzJlQIYw8PL8urd0] Processed:  App\Events\AdminNotificationEvent
[2020-08-10 13:46:45][3FjwoaiOYw2al6sIjkbWnkuBiJQ8Ejzs] Processing: App\Events\AdminNotificationEvent
[2020-08-10 13:46:45][3FjwoaiOYw2al6sIjkbWnkuBiJQ8Ejzs] Processed:  App\Events\AdminNotificationEvent
[2020-08-11 07:49:03][9UF51vndYqxnIc9pIAiVKcnV4iPDwfjZ] Processing: App\Events\AdminNotificationEvent
[2020-08-11 07:49:03][9UF51vndYqxnIc9pIAiVKcnV4iPDwfjZ] Processed:  App\Events\AdminNotificationEvent
[2020-08-11 07:53:54][9nQYbHkjcqG3QzuwcEYuufEYWltLNeye] Processing: App\Events\AdminNotificationEvent
[2020-08-11 07:53:54][9nQYbHkjcqG3QzuwcEYuufEYWltLNeye] Processed:  App\Events\AdminNotificationEvent
[2020-08-11 07:59:55][uU1MrB8lJqHVM20bX256Wag1LXdQwcz6] Processing: App\Events\AdminNotificationEvent
[2020-08-11 07:59:55][uU1MrB8lJqHVM20bX256Wag1LXdQwcz6] Processed:  App\Events\AdminNotificationEvent
[2020-08-11 08:13:10][4L0YEWhWaJGZlnoOhX5OcgvOZqXNrpux] Processing: App\Events\AdminNotificationEvent
[2020-08-11 08:13:10][4L0YEWhWaJGZlnoOhX5OcgvOZqXNrpux] Processed:  App\Events\AdminNotificationEvent
[2020-08-11 08:23:39][ffAzPkVkFe6RzNfb7pAGpUyqd5p6JLSp] Processing: App\Events\AdminNotificationEvent
[2020-08-11 08:23:39][ffAzPkVkFe6RzNfb7pAGpUyqd5p6JLSp] Processed:  App\Events\AdminNotificationEvent
[2020-08-11 09:00:13][kzuJPCkNS9w0tpuXkSLPB46RuN6UKR6S] Processing: App\Events\AdminNotificationEvent
[2020-08-11 09:00:13][kzuJPCkNS9w0tpuXkSLPB46RuN6UKR6S] Processed:  App\Events\AdminNotificationEvent
[2020-08-11 09:29:00][IkniYW7cGIP4R6pkzlYXfSVqCyTnCi2v] Processing: App\Events\AdminNotificationEvent
[2020-08-11 09:29:00][IkniYW7cGIP4R6pkzlYXfSVqCyTnCi2v] Processed:  App\Events\AdminNotificationEvent
[2020-08-11 10:59:34][EAMAnaWAzOSkugflXHu9sZfr2ju7smpO] Processing: App\Events\AdminNotificationEvent
[2020-08-11 10:59:34][EAMAnaWAzOSkugflXHu9sZfr2ju7smpO] Processed:  App\Events\AdminNotificationEvent
[2020-08-11 11:11:20][i9LR61XfZo6nrYu0rgqmfhdBG4PH3EP5] Processing: App\Events\AdminNotificationEvent
[2020-08-11 11:11:20][i9LR61XfZo6nrYu0rgqmfhdBG4PH3EP5] Processed:  App\Events\AdminNotificationEvent
[2020-08-12 13:39:11][Kin62Fb3Erctlr1bdYfEQH0PLTV9wPnG] Processing: App\Events\AdminNotificationEvent
[2020-08-12 13:39:11][Kin62Fb3Erctlr1bdYfEQH0PLTV9wPnG] Processed:  App\Events\AdminNotificationEvent
[2020-08-12 13:50:07][ZSNOpPjw9CJod8wqknknACZKEcynBAXo] Processing: App\Events\AdminNotificationEvent
[2020-08-12 13:50:07][ZSNOpPjw9CJod8wqknknACZKEcynBAXo] Processed:  App\Events\AdminNotificationEvent
[2020-08-12 13:51:18][2vtslaRg86n7i7grfKc6BQQoRQ4vSTEc] Processing: App\Events\AdminNotificationEvent
[2020-08-12 13:51:18][2vtslaRg86n7i7grfKc6BQQoRQ4vSTEc] Processed:  App\Events\AdminNotificationEvent
